<?xml version="1.0" encoding="UTF-8"?>
<testsuite xmlns:xsi="http://www.w3.org/2001/XMLSchema-instance" xsi:noNamespaceSchemaLocation="https://maven.apache.org/surefire/maven-surefire-plugin/xsd/surefire-test-report.xsd" name="com.qst.bootconsumer.BootConsumerApplicationTests" time="6.095" tests="1" errors="0" skipped="0" failures="0">
  <properties>
    <property name="sun.desktop" value="windows"/>
    <property name="awt.toolkit" value="sun.awt.windows.WToolkit"/>
    <property name="file.encoding.pkg" value="sun.io"/>
    <property name="java.specification.version" value="1.8"/>
    <property name="sun.cpu.isalist" value="amd64"/>
    <property name="sun.jnu.encoding" value="GBK"/>
    <property name="java.class.path" value="C:\Users\DELL\Desktop\springboot-dubbo\boot-consumer\target\test-classes;C:\Users\DELL\Desktop\springboot-dubbo\boot-consumer\target\classes;I:\Apache\repository\org\springframework\boot\spring-boot-starter-web\2.0.2.RELEASE\spring-boot-starter-web-2.0.2.RELEASE.jar;I:\Apache\repository\org\springframework\boot\spring-boot-starter\2.0.2.RELEASE\spring-boot-starter-2.0.2.RELEASE.jar;I:\Apache\repository\org\springframework\boot\spring-boot\2.0.2.RELEASE\spring-boot-2.0.2.RELEASE.jar;I:\Apache\repository\org\springframework\boot\spring-boot-autoconfigure\2.0.2.RELEASE\spring-boot-autoconfigure-2.0.2.RELEASE.jar;I:\Apache\repository\org\springframework\boot\spring-boot-starter-logging\2.0.2.RELEASE\spring-boot-starter-logging-2.0.2.RELEASE.jar;I:\Apache\repository\ch\qos\logback\logback-classic\1.2.3\logback-classic-1.2.3.jar;I:\Apache\repository\ch\qos\logback\logback-core\1.2.3\logback-core-1.2.3.jar;I:\Apache\repository\org\apache\logging\log4j\log4j-to-slf4j\2.10.0\log4j-to-slf4j-2.10.0.jar;I:\Apache\repository\org\apache\logging\log4j\log4j-api\2.10.0\log4j-api-2.10.0.jar;I:\Apache\repository\org\slf4j\jul-to-slf4j\1.7.25\jul-to-slf4j-1.7.25.jar;I:\Apache\repository\javax\annotation\javax.annotation-api\1.3.2\javax.annotation-api-1.3.2.jar;I:\Apache\repository\org\yaml\snakeyaml\1.19\snakeyaml-1.19.jar;I:\Apache\repository\org\springframework\boot\spring-boot-starter-json\2.0.2.RELEASE\spring-boot-starter-json-2.0.2.RELEASE.jar;I:\Apache\repository\com\fasterxml\jackson\core\jackson-databind\2.9.5\jackson-databind-2.9.5.jar;I:\Apache\repository\com\fasterxml\jackson\core\jackson-annotations\2.9.0\jackson-annotations-2.9.0.jar;I:\Apache\repository\com\fasterxml\jackson\core\jackson-core\2.9.5\jackson-core-2.9.5.jar;I:\Apache\repository\com\fasterxml\jackson\datatype\jackson-datatype-jdk8\2.9.5\jackson-datatype-jdk8-2.9.5.jar;I:\Apache\repository\com\fasterxml\jackson\datatype\jackson-datatype-jsr310\2.9.5\jackson-datatype-jsr310-2.9.5.jar;I:\Apache\repository\com\fasterxml\jackson\module\jackson-module-parameter-names\2.9.5\jackson-module-parameter-names-2.9.5.jar;I:\Apache\repository\org\springframework\boot\spring-boot-starter-tomcat\2.0.2.RELEASE\spring-boot-starter-tomcat-2.0.2.RELEASE.jar;I:\Apache\repository\org\apache\tomcat\embed\tomcat-embed-core\8.5.31\tomcat-embed-core-8.5.31.jar;I:\Apache\repository\org\apache\tomcat\embed\tomcat-embed-el\8.5.31\tomcat-embed-el-8.5.31.jar;I:\Apache\repository\org\apache\tomcat\embed\tomcat-embed-websocket\8.5.31\tomcat-embed-websocket-8.5.31.jar;I:\Apache\repository\org\hibernate\validator\hibernate-validator\6.0.9.Final\hibernate-validator-6.0.9.Final.jar;I:\Apache\repository\javax\validation\validation-api\2.0.1.Final\validation-api-2.0.1.Final.jar;I:\Apache\repository\org\jboss\logging\jboss-logging\3.3.2.Final\jboss-logging-3.3.2.Final.jar;I:\Apache\repository\com\fasterxml\classmate\1.3.4\classmate-1.3.4.jar;I:\Apache\repository\org\springframework\spring-web\5.0.6.RELEASE\spring-web-5.0.6.RELEASE.jar;I:\Apache\repository\org\springframework\spring-beans\5.0.6.RELEASE\spring-beans-5.0.6.RELEASE.jar;I:\Apache\repository\org\springframework\spring-webmvc\5.0.6.RELEASE\spring-webmvc-5.0.6.RELEASE.jar;I:\Apache\repository\org\springframework\spring-aop\5.0.6.RELEASE\spring-aop-5.0.6.RELEASE.jar;I:\Apache\repository\org\springframework\spring-context\5.0.6.RELEASE\spring-context-5.0.6.RELEASE.jar;I:\Apache\repository\org\springframework\spring-expression\5.0.6.RELEASE\spring-expression-5.0.6.RELEASE.jar;I:\Apache\repository\com\alibaba\boot\dubbo-spring-boot-starter\0.2.0\dubbo-spring-boot-starter-0.2.0.jar;I:\Apache\repository\com\alibaba\dubbo\2.6.2\dubbo-2.6.2.jar;I:\Apache\repository\org\javassist\javassist\3.20.0-GA\javassist-3.20.0-GA.jar;I:\Apache\repository\org\jboss\netty\netty\3.2.5.Final\netty-3.2.5.Final.jar;I:\Apache\repository\org\apache\zookeeper\zookeeper\3.4.9\zookeeper-3.4.9.jar;I:\Apache\repository\org\slf4j\slf4j-api\1.7.25\slf4j-api-1.7.25.jar;I:\Apache\repository\jline\jline\0.9.94\jline-0.9.94.jar;I:\Apache\repository\io\netty\netty\3.10.5.Final\netty-3.10.5.Final.jar;I:\Apache\repository\org\apache\curator\curator-framework\2.12.0\curator-framework-2.12.0.jar;I:\Apache\repository\org\apache\curator\curator-client\2.12.0\curator-client-2.12.0.jar;I:\Apache\repository\com\google\guava\guava\16.0.1\guava-16.0.1.jar;I:\Apache\repository\com\alibaba\boot\dubbo-spring-boot-autoconfigure\0.2.0\dubbo-spring-boot-autoconfigure-0.2.0.jar;I:\Apache\repository\org\springframework\boot\spring-boot-starter-test\2.0.2.RELEASE\spring-boot-starter-test-2.0.2.RELEASE.jar;I:\Apache\repository\org\springframework\boot\spring-boot-test\2.0.2.RELEASE\spring-boot-test-2.0.2.RELEASE.jar;I:\Apache\repository\org\springframework\boot\spring-boot-test-autoconfigure\2.0.2.RELEASE\spring-boot-test-autoconfigure-2.0.2.RELEASE.jar;I:\Apache\repository\com\jayway\jsonpath\json-path\2.4.0\json-path-2.4.0.jar;I:\Apache\repository\net\minidev\json-smart\2.3\json-smart-2.3.jar;I:\Apache\repository\net\minidev\accessors-smart\1.2\accessors-smart-1.2.jar;I:\Apache\repository\org\ow2\asm\asm\5.0.4\asm-5.0.4.jar;I:\Apache\repository\junit\junit\4.12\junit-4.12.jar;I:\Apache\repository\org\assertj\assertj-core\3.9.1\assertj-core-3.9.1.jar;I:\Apache\repository\org\mockito\mockito-core\2.15.0\mockito-core-2.15.0.jar;I:\Apache\repository\net\bytebuddy\byte-buddy\1.7.11\byte-buddy-1.7.11.jar;I:\Apache\repository\net\bytebuddy\byte-buddy-agent\1.7.11\byte-buddy-agent-1.7.11.jar;I:\Apache\repository\org\objenesis\objenesis\2.6\objenesis-2.6.jar;I:\Apache\repository\org\hamcrest\hamcrest-core\1.3\hamcrest-core-1.3.jar;I:\Apache\repository\org\hamcrest\hamcrest-library\1.3\hamcrest-library-1.3.jar;I:\Apache\repository\org\skyscreamer\jsonassert\1.5.0\jsonassert-1.5.0.jar;I:\Apache\repository\com\vaadin\external\google\android-json\0.0.20131108.vaadin1\android-json-0.0.20131108.vaadin1.jar;I:\Apache\repository\org\springframework\spring-core\5.0.6.RELEASE\spring-core-5.0.6.RELEASE.jar;I:\Apache\repository\org\springframework\spring-jcl\5.0.6.RELEASE\spring-jcl-5.0.6.RELEASE.jar;I:\Apache\repository\org\springframework\spring-test\5.0.6.RELEASE\spring-test-5.0.6.RELEASE.jar;I:\Apache\repository\org\xmlunit\xmlunit-core\2.5.1\xmlunit-core-2.5.1.jar;I:\Apache\repository\com\qst\api\1.0-SNAPSHOT\api-1.0-SNAPSHOT.jar;"/>
    <property name="java.vm.vendor" value="Oracle Corporation"/>
    <property name="sun.arch.data.model" value="64"/>
    <property name="user.variant" value=""/>
    <property name="java.vendor.url" value="http://java.oracle.com/"/>
    <property name="user.timezone" value=""/>
    <property name="java.vm.specification.version" value="1.8"/>
    <property name="os.name" value="Windows 10"/>
    <property name="user.country" value="CN"/>
    <property name="sun.java.launcher" value="SUN_STANDARD"/>
    <property name="sun.boot.library.path" value="I:\java\jre\bin"/>
    <property name="sun.java.command" value="C:\Users\DELL\AppData\Local\Temp\surefire4662301147042550639\surefirebooter1526379268952921173.jar C:\Users\DELL\AppData\Local\Temp\surefire4662301147042550639 2019-08-19T19-41-01_487-jvmRun1 surefire4225374083284646366tmp surefire_05713113027566549513tmp"/>
    <property name="surefire.test.class.path" value="C:\Users\DELL\Desktop\springboot-dubbo\boot-consumer\target\test-classes;C:\Users\DELL\Desktop\springboot-dubbo\boot-consumer\target\classes;I:\Apache\repository\org\springframework\boot\spring-boot-starter-web\2.0.2.RELEASE\spring-boot-starter-web-2.0.2.RELEASE.jar;I:\Apache\repository\org\springframework\boot\spring-boot-starter\2.0.2.RELEASE\spring-boot-starter-2.0.2.RELEASE.jar;I:\Apache\repository\org\springframework\boot\spring-boot\2.0.2.RELEASE\spring-boot-2.0.2.RELEASE.jar;I:\Apache\repository\org\springframework\boot\spring-boot-autoconfigure\2.0.2.RELEASE\spring-boot-autoconfigure-2.0.2.RELEASE.jar;I:\Apache\repository\org\springframework\boot\spring-boot-starter-logging\2.0.2.RELEASE\spring-boot-starter-logging-2.0.2.RELEASE.jar;I:\Apache\repository\ch\qos\logback\logback-classic\1.2.3\logback-classic-1.2.3.jar;I:\Apache\repository\ch\qos\logback\logback-core\1.2.3\logback-core-1.2.3.jar;I:\Apache\repository\org\apache\logging\log4j\log4j-to-slf4j\2.10.0\log4j-to-slf4j-2.10.0.jar;I:\Apache\repository\org\apache\logging\log4j\log4j-api\2.10.0\log4j-api-2.10.0.jar;I:\Apache\repository\org\slf4j\jul-to-slf4j\1.7.25\jul-to-slf4j-1.7.25.jar;I:\Apache\repository\javax\annotation\javax.annotation-api\1.3.2\javax.annotation-api-1.3.2.jar;I:\Apache\repository\org\yaml\snakeyaml\1.19\snakeyaml-1.19.jar;I:\Apache\repository\org\springframework\boot\spring-boot-starter-json\2.0.2.RELEASE\spring-boot-starter-json-2.0.2.RELEASE.jar;I:\Apache\repository\com\fasterxml\jackson\core\jackson-databind\2.9.5\jackson-databind-2.9.5.jar;I:\Apache\repository\com\fasterxml\jackson\core\jackson-annotations\2.9.0\jackson-annotations-2.9.0.jar;I:\Apache\repository\com\fasterxml\jackson\core\jackson-core\2.9.5\jackson-core-2.9.5.jar;I:\Apache\repository\com\fasterxml\jackson\datatype\jackson-datatype-jdk8\2.9.5\jackson-datatype-jdk8-2.9.5.jar;I:\Apache\repository\com\fasterxml\jackson\datatype\jackson-datatype-jsr310\2.9.5\jackson-datatype-jsr310-2.9.5.jar;I:\Apache\repository\com\fasterxml\jackson\module\jackson-module-parameter-names\2.9.5\jackson-module-parameter-names-2.9.5.jar;I:\Apache\repository\org\springframework\boot\spring-boot-starter-tomcat\2.0.2.RELEASE\spring-boot-starter-tomcat-2.0.2.RELEASE.jar;I:\Apache\repository\org\apache\tomcat\embed\tomcat-embed-core\8.5.31\tomcat-embed-core-8.5.31.jar;I:\Apache\repository\org\apache\tomcat\embed\tomcat-embed-el\8.5.31\tomcat-embed-el-8.5.31.jar;I:\Apache\repository\org\apache\tomcat\embed\tomcat-embed-websocket\8.5.31\tomcat-embed-websocket-8.5.31.jar;I:\Apache\repository\org\hibernate\validator\hibernate-validator\6.0.9.Final\hibernate-validator-6.0.9.Final.jar;I:\Apache\repository\javax\validation\validation-api\2.0.1.Final\validation-api-2.0.1.Final.jar;I:\Apache\repository\org\jboss\logging\jboss-logging\3.3.2.Final\jboss-logging-3.3.2.Final.jar;I:\Apache\repository\com\fasterxml\classmate\1.3.4\classmate-1.3.4.jar;I:\Apache\repository\org\springframework\spring-web\5.0.6.RELEASE\spring-web-5.0.6.RELEASE.jar;I:\Apache\repository\org\springframework\spring-beans\5.0.6.RELEASE\spring-beans-5.0.6.RELEASE.jar;I:\Apache\repository\org\springframework\spring-webmvc\5.0.6.RELEASE\spring-webmvc-5.0.6.RELEASE.jar;I:\Apache\repository\org\springframework\spring-aop\5.0.6.RELEASE\spring-aop-5.0.6.RELEASE.jar;I:\Apache\repository\org\springframework\spring-context\5.0.6.RELEASE\spring-context-5.0.6.RELEASE.jar;I:\Apache\repository\org\springframework\spring-expression\5.0.6.RELEASE\spring-expression-5.0.6.RELEASE.jar;I:\Apache\repository\com\alibaba\boot\dubbo-spring-boot-starter\0.2.0\dubbo-spring-boot-starter-0.2.0.jar;I:\Apache\repository\com\alibaba\dubbo\2.6.2\dubbo-2.6.2.jar;I:\Apache\repository\org\javassist\javassist\3.20.0-GA\javassist-3.20.0-GA.jar;I:\Apache\repository\org\jboss\netty\netty\3.2.5.Final\netty-3.2.5.Final.jar;I:\Apache\repository\org\apache\zookeeper\zookeeper\3.4.9\zookeeper-3.4.9.jar;I:\Apache\repository\org\slf4j\slf4j-api\1.7.25\slf4j-api-1.7.25.jar;I:\Apache\repository\jline\jline\0.9.94\jline-0.9.94.jar;I:\Apache\repository\io\netty\netty\3.10.5.Final\netty-3.10.5.Final.jar;I:\Apache\repository\org\apache\curator\curator-framework\2.12.0\curator-framework-2.12.0.jar;I:\Apache\repository\org\apache\curator\curator-client\2.12.0\curator-client-2.12.0.jar;I:\Apache\repository\com\google\guava\guava\16.0.1\guava-16.0.1.jar;I:\Apache\repository\com\alibaba\boot\dubbo-spring-boot-autoconfigure\0.2.0\dubbo-spring-boot-autoconfigure-0.2.0.jar;I:\Apache\repository\org\springframework\boot\spring-boot-starter-test\2.0.2.RELEASE\spring-boot-starter-test-2.0.2.RELEASE.jar;I:\Apache\repository\org\springframework\boot\spring-boot-test\2.0.2.RELEASE\spring-boot-test-2.0.2.RELEASE.jar;I:\Apache\repository\org\springframework\boot\spring-boot-test-autoconfigure\2.0.2.RELEASE\spring-boot-test-autoconfigure-2.0.2.RELEASE.jar;I:\Apache\repository\com\jayway\jsonpath\json-path\2.4.0\json-path-2.4.0.jar;I:\Apache\repository\net\minidev\json-smart\2.3\json-smart-2.3.jar;I:\Apache\repository\net\minidev\accessors-smart\1.2\accessors-smart-1.2.jar;I:\Apache\repository\org\ow2\asm\asm\5.0.4\asm-5.0.4.jar;I:\Apache\repository\junit\junit\4.12\junit-4.12.jar;I:\Apache\repository\org\assertj\assertj-core\3.9.1\assertj-core-3.9.1.jar;I:\Apache\repository\org\mockito\mockito-core\2.15.0\mockito-core-2.15.0.jar;I:\Apache\repository\net\bytebuddy\byte-buddy\1.7.11\byte-buddy-1.7.11.jar;I:\Apache\repository\net\bytebuddy\byte-buddy-agent\1.7.11\byte-buddy-agent-1.7.11.jar;I:\Apache\repository\org\objenesis\objenesis\2.6\objenesis-2.6.jar;I:\Apache\repository\org\hamcrest\hamcrest-core\1.3\hamcrest-core-1.3.jar;I:\Apache\repository\org\hamcrest\hamcrest-library\1.3\hamcrest-library-1.3.jar;I:\Apache\repository\org\skyscreamer\jsonassert\1.5.0\jsonassert-1.5.0.jar;I:\Apache\repository\com\vaadin\external\google\android-json\0.0.20131108.vaadin1\android-json-0.0.20131108.vaadin1.jar;I:\Apache\repository\org\springframework\spring-core\5.0.6.RELEASE\spring-core-5.0.6.RELEASE.jar;I:\Apache\repository\org\springframework\spring-jcl\5.0.6.RELEASE\spring-jcl-5.0.6.RELEASE.jar;I:\Apache\repository\org\springframework\spring-test\5.0.6.RELEASE\spring-test-5.0.6.RELEASE.jar;I:\Apache\repository\org\xmlunit\xmlunit-core\2.5.1\xmlunit-core-2.5.1.jar;I:\Apache\repository\com\qst\api\1.0-SNAPSHOT\api-1.0-SNAPSHOT.jar;"/>
    <property name="sun.cpu.endian" value="little"/>
    <property name="user.home" value="C:\Users\DELL"/>
    <property name="user.language" value="zh"/>
    <property name="java.specification.vendor" value="Oracle Corporation"/>
    <property name="java.home" value="I:\java\jre"/>
    <property name="basedir" value="C:\Users\DELL\Desktop\springboot-dubbo\boot-consumer"/>
    <property name="file.separator" value="\"/>
    <property name="line.separator" value="&#10;"/>
    <property name="java.vm.specification.vendor" value="Oracle Corporation"/>
    <property name="java.specification.name" value="Java Platform API Specification"/>
    <property name="java.awt.graphicsenv" value="sun.awt.Win32GraphicsEnvironment"/>
    <property name="surefire.real.class.path" value="C:\Users\DELL\AppData\Local\Temp\surefire4662301147042550639\surefirebooter1526379268952921173.jar"/>
    <property name="sun.boot.class.path" value="I:\java\jre\lib\resources.jar;I:\java\jre\lib\rt.jar;I:\java\jre\lib\sunrsasign.jar;I:\java\jre\lib\jsse.jar;I:\java\jre\lib\jce.jar;I:\java\jre\lib\charsets.jar;I:\java\jre\lib\jfr.jar;I:\java\jre\classes"/>
    <property name="user.script" value=""/>
    <property name="sun.management.compiler" value="HotSpot 64-Bit Tiered Compilers"/>
    <property name="java.runtime.version" value="1.8.0_201-b09"/>
    <property name="user.name" value="DELL"/>
    <property name="path.separator" value=";"/>
    <property name="os.version" value="10.0"/>
    <property name="java.endorsed.dirs" value="I:\java\jre\lib\endorsed"/>
    <property name="java.runtime.name" value="Java(TM) SE Runtime Environment"/>
    <property name="file.encoding" value="GBK"/>
    <property name="java.vm.name" value="Java HotSpot(TM) 64-Bit Server VM"/>
    <property name="localRepository" value="I:\Apache\repository"/>
    <property name="java.vendor.url.bug" value="http://bugreport.sun.com/bugreport/"/>
    <property name="java.io.tmpdir" value="C:\Users\DELL\AppData\Local\Temp\"/>
    <property name="idea.version" value="2018.2.7"/>
    <property name="java.version" value="1.8.0_201"/>
    <property name="user.dir" value="C:\Users\DELL\Desktop\springboot-dubbo\boot-consumer"/>
    <property name="os.arch" value="amd64"/>
    <property name="java.vm.specification.name" value="Java Virtual Machine Specification"/>
    <property name="java.awt.printerjob" value="sun.awt.windows.WPrinterJob"/>
    <property name="sun.os.patch.level" value=""/>
    <property name="java.library.path" value="I:\java\jre\bin;C:\WINDOWS\Sun\Java\bin;C:\WINDOWS\system32;C:\WINDOWS;I:\各Java安装包\xshell\;C:\Program Files (x86)\Common Files\Oracle\Java\javapath;F:\app\DELL\product\11.2.0\dbhome_1\bin;F:\oracle\新建文件夹\product\11.2.0\dbhome_1\bin;%Sys;emRoot%\system32;C:\WINDOWS;C:\WINDOWS\System32\Wbem;C:\WINDOWS\System32\WindowsPowerShell\v1.0\;C:\WINDOWS\System32\OpenSSH\;D:\shell;I:\mysql-5.7.25-winx64\bin;I:\git\Git\cmd;I:\Git\cmd;I:\rabbitMQ\OTP\erl9.2\bin;C:\WINDOWS\system32;I:\rabbitMQ\rabbitmq_server-3.7.6\sbin;C:\Program Files\Intel\WiFi\bin\;C:\Program Files\Common Files\Intel\WirelessCommon\;I:\gradle-4.9\bin;C:\Users\DELL\AppData\Local\Microsoft\WindowsApps;C:\Program Files\Intel\WiFi\bin\;C:\Program Files\Common Files\Intel\WirelessCommon\;I:\java\bin;I:\java\jre\bin;I:\Apache\maven\bin\;I:\mysql-5.7.25-winx64\bin;I:\rabbitMQ\OTP\erl9.2\bin;;."/>
    <property name="java.vm.info" value="mixed mode"/>
    <property name="java.vendor" value="Oracle Corporation"/>
    <property name="java.vm.version" value="25.201-b09"/>
    <property name="java.ext.dirs" value="I:\java\jre\lib\ext;C:\WINDOWS\Sun\Java\lib\ext"/>
    <property name="sun.io.unicode.encoding" value="UnicodeLittle"/>
    <property name="java.class.version" value="52.0"/>
  </properties>
  <testcase name="contextLoads" classname="com.qst.bootconsumer.BootConsumerApplicationTests" time="0.151"/>
</testsuite>